#fOrTyTwO
$hz=100;
$XS_VERSION='DProf 20050310.00';
# All values are given in HZ
$over_utime=9; $over_stime=0; $over_rtime=26;
$over_tests=10000;
$rrun_utime=16; $rrun_stime=1; $rrun_rtime=16;
$total_marks=785                                                                                                                                                                                 

PART2
@ 0 0 1
& 2 main BEGIN
+ 2
& 3 strict bits
+ 3
- 3
& 4 strict import
+ 4
- 4
- 2
+ 2
& 5 main BEGIN
+ 5
- 5
& 6 DBI BEGIN
+ 6
- 6
+ 6
& 7 DynaLoader BEGIN
+ 7
@ 0 1 1
& 8 vars BEGIN
+ 8
- 8
& 9 vars BEGIN
+ 9
& a warnings BEGIN
+ a
- a
@ 1 0 0
& b warnings::register import
+ b
& c warnings::register mkMask
+ c
- c
+ c
- c
- b
- 9
@ 0 0 1
+ 9
+ 4
+ 3
- 3
- 4
- 9
& d vars import
+ d
- d
- 7
& e DynaLoader BEGIN
+ e
& f Config BEGIN
+ f
+ 4
- 4
- f
& 10 Config BEGIN
+ 10
& 11 strict unimport
+ 11
+ 3
- 3
- 11
- 10
& 12 Config TIEHASH
+ 12
- 12
& 13 Config import
+ 13
- 13
- e
@ 1 0 0
& 14 AutoLoader BEGIN
+ 14
+ 4
- 4
- 14
+ 14
- 14
& 15 AutoLoader BEGIN
+ 15
- 15
& 16 AutoLoader BEGIN
+ 16
+ 11
+ 3
- 3
- 11
- 16
& 17 AutoLoader BEGIN
+ 17
+ 11
+ 3
- 3
- 11
- 17
& 18 AutoLoader BEGIN
+ 18
+ 11
+ 3
- 3
- 11
- 18
& 19 Config FETCH
+ 19
- 19
+ 19
- 19
+ 19
- 19
+ 19
- 19
- 6
+ 6
- 6
@ 0 0 1
+ 6
& 1a DynaLoader bootstrap
+ 1a
& 1b DynaLoader dl_load_flags
+ 1b
- 1b
& 1c DynaLoader dl_load_file
+ 1c
- 1c
& 1d DynaLoader dl_undef_symbols
+ 1d
- 1d
& 1e DynaLoader dl_find_symbol
+ 1e
- 1e
& 1f DynaLoader dl_install_xsub
+ 1f
- 1f
& 20 DBI bootstrap
+ 20
- 20
- 1a
& 21 Exporter export_ok_tags
+ 21
& 22 Exporter as_heavy
+ 22
& 23 Exporter::Heavy BEGIN
+ 23
+ 4
- 4
- 23
+ 23
+ 11
+ 3
- 3
- 11
- 23
@ 1 0 0
- 22
& 24 Exporter::Heavy heavy_export_ok_tags
* 24
& 25 Exporter::Heavy _push_tags
+ 25
- 25
- 21
- 6
@ 0 0 1
& 26 DBI BEGIN
+ 26
+ 11
- 11
- 26
& 27 DBI BEGIN
+ 27
+ 4
- 4
- 27
@ 1 0 0
& 28 DBI BEGIN
+ 28
+ 11
+ 3
- 3
- 11
- 28
& 29 DBI BEGIN
+ 29
+ 11
+ 3
- 3
- 11
- 29
& 2a DBI BEGIN
+ 2a
+ 11
+ 3
- 3
- 11
- 2a
@ 0 0 1
& 2b DBI BEGIN
+ 2b
+ 11
+ 3
- 3
- 11
- 2b
& 2c DBI BEGIN
+ 2c
+ 11
+ 3
- 3
- 11
- 2c
& 2d DBI BEGIN
+ 2d
+ 11
+ 3
- 3
- 11
- 2d
@ 1 0 0
& 2e DBI BEGIN
+ 2e
+ 11
+ 3
- 3
- 11
- 2e
@ 0 0 1
& 2f DBD::_::common BEGIN
+ 2f
+ 4
- 4
- 2f
@ 1 0 0
& 30 DBD::_::dr BEGIN
+ 30
+ 4
- 4
- 30
& 31 DBD::_::db BEGIN
+ 31
+ 4
- 4
- 31
@ 0 0 1
& 32 DBD::_::st BEGIN
+ 32
+ 4
- 4
- 32
@ 1 0 0
& 33 Scalar::Util BEGIN
+ 33
+ 4
- 4
- 33
+ 33
+ d
- d
- 33
@ 0 0 1
& 34 List::Util BEGIN
+ 34
+ 4
- 4
- 34
+ 34
+ d
- d
- 34
& 35 XSLoader load
+ 35
+ 1c
- 1c
+ 1d
- 1d
+ 1e
- 1e
+ 1f
- 1f
& 36 List::Util bootstrap
+ 36
- 36
- 35
& 37 Scalar::Util weaken
+ 37
- 37
& 38 DBI::var TIESCALAR
+ 38
- 38
+ 38
- 38
+ 38
- 38
+ 38
- 38
+ 38
- 38
& 39 DBI::DBI_tie TIEHASH
+ 39
- 39
& 3a DBI _install_method
+ 3a
- 3a
+ 3a
- 3a
+ 3a
- 3a
+ 3a
- 3a
+ 3a
- 3a
+ 3a
- 3a
+ 3a
- 3a
+ 3a
- 3a
+ 3a
- 3a
+ 3a
- 3a
+ 3a
- 3a
+ 3a
- 3a
+ 3a
- 3a
+ 3a
- 3a
+ 3a
- 3a
+ 3a
- 3a
+ 3a
- 3a
+ 3a
- 3a
+ 3a
- 3a
+ 3a
- 3a
+ 3a
- 3a
+ 3a
- 3a
+ 3a
- 3a
+ 3a
- 3a
+ 3a
- 3a
+ 3a
- 3a
+ 3a
- 3a
+ 3a
- 3a
+ 3a
- 3a
+ 3a
- 3a
+ 3a
- 3a
+ 3a
- 3a
+ 3a
- 3a
+ 3a
- 3a
+ 3a
- 3a
+ 3a
- 3a
+ 3a
- 3a
+ 3a
- 3a
+ 3a
- 3a
@ 1 0 0
+ 3a
- 3a
+ 3a
- 3a
+ 3a
- 3a
+ 3a
- 3a
+ 3a
- 3a
+ 3a
- 3a
+ 3a
- 3a
+ 3a
- 3a
+ 3a
- 3a
+ 3a
- 3a
+ 3a
- 3a
+ 3a
- 3a
+ 3a
- 3a
+ 3a
- 3a
+ 3a
- 3a
+ 3a
- 3a
+ 3a
- 3a
+ 3a
- 3a
+ 3a
- 3a
+ 3a
- 3a
+ 3a
- 3a
+ 3a
- 3a
+ 3a
- 3a
+ 3a
- 3a
+ 3a
- 3a
+ 3a
- 3a
+ 3a
- 3a
+ 3a
- 3a
+ 3a
- 3a
+ 3a
- 3a
+ 3a
- 3a
+ 3a
- 3a
+ 3a
- 3a
+ 3a
- 3a
+ 3a
- 3a
+ 3a
- 3a
+ 3a
- 3a
+ 3a
- 3a
+ 3a
- 3a
+ 3a
- 3a
+ 3a
- 3a
+ 3a
- 3a
+ 3a
- 3a
+ 3a
- 3a
+ 3a
- 3a
& 3b DBI setup_driver
+ 3b
& 3c UNIVERSAL isa
+ 3c
- 3c
+ 3c
- 3c
+ 3c
- 3c
+ 3c
- 3c
+ 3c
- 3c
+ 3c
- 3c
- 3b
& 3d Exporter import
+ 3d
- 3d
- 2
+ 2
& 3e SPINE::DBI::Content BEGIN
+ 3e
+ 4
- 4
- 3e
+ 3e
+ 3d
- 3d
- 3e
+ 3e
& 3f SPINE::Base::Content BEGIN
+ 3f
+ d
- d
- 3f
+ 3f
+ 4
- 4
- 3f
+ 3f
+ 3d
- 3d
- 3f
+ 3f
& 40 warnings import
+ 40
- 40
- 3f
+ 3f
& 41 warnings unimport
+ 41
- 41
- 3f
+ 3f
& 42 SPINE::Constant BEGIN
+ 42
+ 40
- 40
- 42
+ 42
+ 4
- 4
- 42
+ 42
& 43 base BEGIN
+ 43
+ 4
+ 3
- 3
- 4
- 43
+ 43
+ d
- d
- 43
& 44 base import
+ 44
+ 3c
- 3c
& 45 base has_version
+ 45
- 45
& 46 base has_fields
+ 46
- 46
& 47 base has_attr
+ 47
- 47
- 44
- 42
+ 42
+ d
@ 0 0 1
- d
- 42
& 48 SPINE::Constant BEGIN
+ 48
& 49 constant BEGIN
+ 49
+ 4
- 4
- 49
+ 49
- 49
+ 49
+ b
+ c
- c
+ c
- c
- b
- 49
& 4a constant BEGIN
+ 4a
+ 11
+ 3
- 3
- 11
- 4a
& 4b constant import
+ 4b
- 4b
- 48
+ 48
+ 4b
- 4b
- 48
+ 48
+ 4b
- 4b
- 48
+ 48
+ 4b
- 4b
- 48
+ 48
+ 4b
- 4b
- 48
+ 48
+ 4b
- 4b
- 48
+ 48
+ 4b
- 4b
- 48
+ 3d
- 3d
- 3f
- 3e
+ 3e
+ 3d
- 3d
- 3e
+ 3e
+ 3d
- 3d
- 3e
+ 3e
+ d
- d
- 3e
+ 3e
+ 44
+ 3c
- 3c
+ 45
- 45
& 4c SPINE::DBI::Base BEGIN
+ 4c
+ 4
- 4
- 4c
+ 4c
+ 3d
- 3d
- 4c
+ 4c
& 4d Data::Dumper BEGIN
+ 4d
- 4d
& 4e Data::Dumper BEGIN
+ 4e
+ 3d
@ 1 0 1
- 3d
- 4e
+ 4e
- 4e
@ 1 0 1
& 4f Data::Dumper BEGIN
+ 4f
& 50 bytes import
+ 50
- 50
- 4f
& 51 overload BEGIN
+ 51
+ b
+ c
- c
+ c
- c
- b
- 51
+ 35
+ 1c
- 1c
+ 1d
- 1d
+ 1e
- 1e
+ 1f
- 1f
& 52 Data::Dumper bootstrap
+ 52
- 52
- 35
+ 3d
- 3d
- 4c
+ 4c
+ 3d
- 3d
- 4c
+ 4c
+ d
- d
- 4c
& 53 SPINE::DBI::Base BEGIN
+ 53
+ 3d
- 3d
- 53
@ 2 0 1
+ 46
- 46
+ 47
- 47
- 44
- 3e
- 2
& 54 DBI connect
+ 54
& 55 DBI install_driver
+ 55
& 56 DBD::mysql BEGIN
+ 56
+ 4
- 4
- 56
+ 56
+ d
- d
- 56
+ 56
- 56
+ 56
- 56
+ 56
- 56
& 57 DBD::mysql::dr BEGIN
+ 57
+ 4
- 4
- 57
+ 57
+ 3d
@ 0 0 1
& 58 Exporter export
+ 58
+ 22
- 22
& 59 Exporter::Heavy heavy_export
* 59
- 58
- 3d
- 57
& 5a DBD::mysql::db BEGIN
+ 5a
+ 4
- 4
- 5a
+ 5a
+ 3d
+ 58
+ 22
- 22
* 59
- 58
- 3d
- 5a
@ 1 0 1
& 5b DBD::mysql::st BEGIN
+ 5b
+ 4
- 4
- 5b
+ 1a
+ 1b
- 1b
+ 1c
- 1c
+ 1d
- 1d
+ 1e
- 1e
+ 1f
- 1f
& 5c DBD::mysql bootstrap
+ 5c
- 5c
- 1a
+ 3b
+ 3c
- 3c
+ 3c
- 3c
+ 3c
- 3c
+ 3c
- 3c
+ 3c
- 3c
+ 3c
- 3c
- 3b
& 5d DBD::mysql driver
+ 5d
& 5e DBI _new_drh
+ 5e
& 5f DBI _new_handle
+ 5f
& 60 DBI::st TIEHASH
+ 60
- 60
& 61 DBI _setup_handle
+ 61
- 61
- 5f
- 5e
- 5d
- 55
& 62 DBI __ANON__
+ 62
& 63 DBI::dr connect
+ 63
& 64 DBD::mysql::dr connect
+ 64
& 65 DBD::mysql _OdbcParse
+ 65
- 65
& 66 DBI _new_dbh
+ 66
+ 5f
+ 60
- 60
+ 61
- 61
- 5f
- 66
& 67 DBD::mysql::db _login
+ 67
@ 2 0 2
- 67
- 64
- 63
& 68 DBI::common STORE
+ 68
- 68
+ 68
- 68
+ 68
- 68
& 69 DBI::common FETCH
+ 69
- 69
- 62
+ 68
- 68
- 54
& 6a SPINE::DBI::Content new
+ 6a
- 6a
& 6b SPINE::DBI::Base get
+ 6b
@ 1 0 0
+ 69
- 69
+ 69
- 69
+ 69
- 69
+ 69
- 69
& 6c DBI::db prepare
+ 6c
& 6d DBD::mysql::db prepare
+ 6d
& 6e DBI _new_sth
+ 6e
+ 5f
+ 60
- 60
+ 61
- 61
- 5f
- 6e
& 6f DBD::mysql::st _prepare
+ 6f
- 6f
- 6d
- 6c
& 70 DBI::st execute
+ 70
- 70
& 71 DBI::st fetchrow_hashref
+ 71
+ 69
- 69
& 72 DBI::st fetch
+ 72
- 72
- 71
& 73 SPINE::DBI::Base BEGIN
+ 73
- 73
& 74 SPINE::Base::Content new
+ 74
- 74
& 75 DBI::common DESTROY
+ 75
- 75
+ 75
- 75
& 76 DBD::_mem::common DESTROY
+ 76
- 76
- 6b
+ 75
- 75
+ 75
- 75
+ 76
- 76
& 77 SPINE::Base::Content AUTOLOAD
+ 77
- 77
& 78 DBI END
+ 78
& 79 DBD::_::common trace_msg
+ 79
- 79
& 7a DBI disconnect_all
+ 7a
& 7b DBI::dr disconnect_all
+ 7b
- 7b
- 7a
- 78
+ & Devel::DProf::write
@ 0 0 1
- & Devel::DProf::write
